<?xml version="1.0" encoding="UTF-8"?>
<!-- Generated by org.testng.reporters.JUnitXMLReporter -->
<testsuite hostname="DESKTOP-NO9I0HD" ignored="0" name="Regression1" tests="3" failures="1" timestamp="18 Mar 2021 23:58:40 GMT" time="37.451" errors="0">
  <testcase name="datatest" time="6.195" classname="TestngPractice.DataProvider"/>
  <testcase name="datatest" time="6.68" classname="TestngPractice.DataProvider"/>
  <testcase name="login" time="11.189" classname="TestngPractice.LoginTest">
    <failure type="org.openqa.selenium.NoSuchElementException" message="no such element: Unable to locate element: {&amp;quot;method&amp;quot;:&amp;quot;xpath&amp;quot;,&amp;quot;selector&amp;quot;:&amp;quot;//input[@name=&amp;apos;email4&amp;apos;]&amp;quot;}
  (Session info: MicrosoftEdge=89.0.774.54)
For documentation on this error, please visit: https://selenium.dev/exceptions/#no_such_element
Build info: version: &amp;apos;4.0.0-beta-1&amp;apos;, revision: &amp;apos;9c03156c2b&amp;apos;
System info: host: &amp;apos;DESKTOP-NO9I0HD&amp;apos;, ip: &amp;apos;192.168.1.132&amp;apos;, os.name: &amp;apos;Windows 10&amp;apos;, os.arch: &amp;apos;amd64&amp;apos;, os.version: &amp;apos;10.0&amp;apos;, java.version: &amp;apos;1.8.0_261&amp;apos;
Driver info: org.openqa.selenium.edge.EdgeDriver
Command: [8609923ae909cd991560b649982ac32e, findElement {using=xpath, value=//input[@name=&amp;apos;email4&amp;apos;]}]
Capabilities {acceptInsecureCerts: false, browserName: msedge, browserVersion: 89.0.774.54, javascriptEnabled: true, ms:edgeOptions: {debuggerAddress: localhost:63044}, msedge: {msedgedriverVersion: 89.0.774.54 (1562ea8f7c949d..., userDataDir: C:\Users\anubalaji\AppData\...}, networkConnectionEnabled: false, pageLoadStrategy: normal, platform: WINDOWS, platformName: WINDOWS, proxy: Proxy(), setWindowRect: true, strictFileInteractability: false, timeouts: {implicit: 0, pageLoad: 300000, script: 30000}, unhandledPromptBehavior: dismiss and notify, webauthn:extension:largeBlob: true, webauthn:virtualAuthenticators: true}
Session ID: 8609923ae909cd991560b649982ac32e">
      <![CDATA[org.openqa.selenium.NoSuchElementException: no such element: Unable to locate element: {"method":"xpath","selector":"//input[@name='email4']"}
  (Session info: MicrosoftEdge=89.0.774.54)
For documentation on this error, please visit: https://selenium.dev/exceptions/#no_such_element
Build info: version: '4.0.0-beta-1', revision: '9c03156c2b'
System info: host: 'DESKTOP-NO9I0HD', ip: '192.168.1.132', os.name: 'Windows 10', os.arch: 'amd64', os.version: '10.0', java.version: '1.8.0_261'
Driver info: org.openqa.selenium.edge.EdgeDriver
Command: [8609923ae909cd991560b649982ac32e, findElement {using=xpath, value=//input[@name='email4']}]
Capabilities {acceptInsecureCerts: false, browserName: msedge, browserVersion: 89.0.774.54, javascriptEnabled: true, ms:edgeOptions: {debuggerAddress: localhost:63044}, msedge: {msedgedriverVersion: 89.0.774.54 (1562ea8f7c949d..., userDataDir: C:\Users\anubalaji\AppData\...}, networkConnectionEnabled: false, pageLoadStrategy: normal, platform: WINDOWS, platformName: WINDOWS, proxy: Proxy(), setWindowRect: true, strictFileInteractability: false, timeouts: {implicit: 0, pageLoad: 300000, script: 30000}, unhandledPromptBehavior: dismiss and notify, webauthn:extension:largeBlob: true, webauthn:virtualAuthenticators: true}
Session ID: 8609923ae909cd991560b649982ac32e
at org.openqa.selenium.remote.codec.w3c.W3CHttpResponseCodec.createException(W3CHttpResponseCodec.java:195)
at org.openqa.selenium.remote.codec.w3c.W3CHttpResponseCodec.decode(W3CHttpResponseCodec.java:128)
at org.openqa.selenium.remote.codec.w3c.W3CHttpResponseCodec.decode(W3CHttpResponseCodec.java:52)
at org.openqa.selenium.remote.HttpCommandExecutor.execute(HttpCommandExecutor.java:181)
at org.openqa.selenium.remote.service.DriverCommandExecutor.invokeExecute(DriverCommandExecutor.java:153)
at org.openqa.selenium.remote.service.DriverCommandExecutor.execute(DriverCommandExecutor.java:128)
at org.openqa.selenium.remote.RemoteWebDriver.execute(RemoteWebDriver.java:620)
at org.openqa.selenium.remote.RemoteWebDriver$Mechanism$2.findElement(RemoteWebDriver.java:1255)
at org.openqa.selenium.remote.RemoteWebDriver.findElement(RemoteWebDriver.java:388)
at org.openqa.selenium.remote.RemoteWebDriver.findElement(RemoteWebDriver.java:382)
at TestngPractice.LoginTest.login(LoginTest.java:34)
... Removed 29 stack frames]]>
    </failure>
  </testcase> <!-- login -->
</testsuite> <!-- Regression1 -->
